Determining if the pthread_create exist failed with the following output:
Change Dir: /home/orlando/Zafiro/cmake-build-debug/CMakeFiles/CMakeTmp

Run Build Command:"/usr/bin/make" "cmTC_73c12/fast"
/usr/bin/make -f CMakeFiles/cmTC_73c12.dir/build.make CMakeFiles/cmTC_73c12.dir/build
make[1]: se entra en el directorio '/home/orlando/Zafiro/cmake-build-debug/CMakeFiles/CMakeTmp'
Building C object CMakeFiles/cmTC_73c12.dir/CheckSymbolExists.c.o
/usr/bin/cc    -o CMakeFiles/cmTC_73c12.dir/CheckSymbolExists.c.o   -c /home/orlando/Zafiro/cmake-build-debug/CMakeFiles/CMakeTmp/CheckSymbolExists.c
Linking C executable cmTC_73c12
/home/orlando/CLion-2018.2.2/clion-2018.2.2/bin/cmake/linux/bin/cmake -E cmake_link_script CMakeFiles/cmTC_73c12.dir/link.txt --verbose=1
/usr/bin/cc      CMakeFiles/cmTC_73c12.dir/CheckSymbolExists.c.o  -o cmTC_73c12 
CMakeFiles/cmTC_73c12.dir/CheckSymbolExists.c.o: En la función `main':
CheckSymbolExists.c:(.text+0x1b): referencia a `pthread_create' sin definir
collect2: error: ld returned 1 exit status
CMakeFiles/cmTC_73c12.dir/build.make:86: recipe for target 'cmTC_73c12' failed
make[1]: *** [cmTC_73c12] Error 1
make[1]: se sale del directorio '/home/orlando/Zafiro/cmake-build-debug/CMakeFiles/CMakeTmp'
Makefile:121: recipe for target 'cmTC_73c12/fast' failed
make: *** [cmTC_73c12/fast] Error 2

File /home/orlando/Zafiro/cmake-build-debug/CMakeFiles/CMakeTmp/CheckSymbolExists.c:
/* */
#include <pthread.h>

int main(int argc, char** argv)
{
  (void)argv;
#ifndef pthread_create
  return ((int*)(&pthread_create))[argc];
#else
  (void)argc;
  return 0;
#endif
}

Determining if the function pthread_create exists in the pthreads failed with the following output:
Change Dir: /home/orlando/Zafiro/cmake-build-debug/CMakeFiles/CMakeTmp

Run Build Command:"/usr/bin/make" "cmTC_991aa/fast"
/usr/bin/make -f CMakeFiles/cmTC_991aa.dir/build.make CMakeFiles/cmTC_991aa.dir/build
make[1]: se entra en el directorio '/home/orlando/Zafiro/cmake-build-debug/CMakeFiles/CMakeTmp'
Building C object CMakeFiles/cmTC_991aa.dir/CheckFunctionExists.c.o
/usr/bin/cc   -DCHECK_FUNCTION_EXISTS=pthread_create   -o CMakeFiles/cmTC_991aa.dir/CheckFunctionExists.c.o   -c /home/orlando/CLion-2018.2.2/clion-2018.2.2/bin/cmake/linux/share/cmake-3.12/Modules/CheckFunctionExists.c
Linking C executable cmTC_991aa
/home/orlando/CLion-2018.2.2/clion-2018.2.2/bin/cmake/linux/bin/cmake -E cmake_link_script CMakeFiles/cmTC_991aa.dir/link.txt --verbose=1
/usr/bin/cc  -DCHECK_FUNCTION_EXISTS=pthread_create    CMakeFiles/cmTC_991aa.dir/CheckFunctionExists.c.o  -o cmTC_991aa -lpthreads 
/usr/bin/x86_64-linux-gnu-ld: no se puede encontrar -lpthreads
collect2: error: ld returned 1 exit status
CMakeFiles/cmTC_991aa.dir/build.make:86: recipe for target 'cmTC_991aa' failed
make[1]: *** [cmTC_991aa] Error 1
make[1]: se sale del directorio '/home/orlando/Zafiro/cmake-build-debug/CMakeFiles/CMakeTmp'
Makefile:121: recipe for target 'cmTC_991aa/fast' failed
make: *** [cmTC_991aa/fast] Error 2


